<?xml version="1.0" encoding="UTF-8"?>
<!-- Generated by org.testng.reporters.JUnitReportReporter -->
<testsuite hostname="LAPTOP-NC9719SN" failures="0" tests="1" name="day_1_methods.NewTest1" time="0.011" errors="0" timestamp="2022-11-18T10:13:33 IST" skipped="0">
  <testcase classname="day_1_methods.NewTest1" name="operation" time="0.011"/>
  <system-out/>
</testsuite> <!-- day_1_methods.NewTest1 -->
