<?xml version="1.0" encoding="UTF-8"?>
<!-- Generated by org.testng.reporters.JUnitReportReporter -->
<testsuite hostname="LAPTOP-NC9719SN" failures="0" tests="5" name="day_1_methods.Test1" time="0.013" errors="0" timestamp="2022-11-08T09:37:48 IST" skipped="1">
  <testcase classname="day_1_methods.Test1" name="opening_browser" time="0.007"/>
  <system-out/>
  <testcase classname="day_1_methods.Test1" name="product_details" time="0.002"/>
  <system-out/>
  <testcase classname="day_1_methods.Test1" name="payment" time="0.003"/>
  <system-out/>
  <testcase classname="day_1_methods.Test1" name="loogout" time="0.001"/>
  <system-out/>
  <testcase classname="day_1_methods.Test1" name="customer_details">
    <skipped/>
  </testcase> <!-- customer_details -->
  <system-out/>
</testsuite> <!-- day_1_methods.Test1 -->
