<?xml version="1.0" encoding="UTF-8"?>
<!-- Generated by org.testng.reporters.JUnitReportReporter -->
<testsuite hostname="LAPTOP-NC9719SN" failures="0" tests="1" name="day_1_methods.NewTest2" time="0.005" errors="0" timestamp="2022-11-08T11:08:32 IST" skipped="0">
  <testcase classname="day_1_methods.NewTest2" name="operation" time="0.005"/>
  <system-out/>
</testsuite> <!-- day_1_methods.NewTest2 -->
